C:\Classes\COMP308\Examples\2017\CRUDAngular2Test\CRUDAngular2Test\public\app\authentication\authentication.service.js
C:\Classes\COMP308\Examples\2017\CRUDAngular2Test\CRUDAngular2Test\public\app\authentication\authentication.service.js.map
C:\Classes\COMP308\Examples\2017\CRUDAngular2Test\CRUDAngular2Test\public\app\app.component.js
C:\Classes\COMP308\Examples\2017\CRUDAngular2Test\CRUDAngular2Test\public\app\app.component.js.map
C:\Classes\COMP308\Examples\2017\CRUDAngular2Test\CRUDAngular2Test\public\app\app.routes.js
C:\Classes\COMP308\Examples\2017\CRUDAngular2Test\CRUDAngular2Test\public\app\app.routes.js.map
C:\Classes\COMP308\Examples\2017\CRUDAngular2Test\CRUDAngular2Test\public\app\home\home.component.js
C:\Classes\COMP308\Examples\2017\CRUDAngular2Test\CRUDAngular2Test\public\app\home\home.component.js.map
C:\Classes\COMP308\Examples\2017\CRUDAngular2Test\CRUDAngular2Test\public\app\home\home.routes.js
C:\Classes\COMP308\Examples\2017\CRUDAngular2Test\CRUDAngular2Test\public\app\home\home.routes.js.map
C:\Classes\COMP308\Examples\2017\CRUDAngular2Test\CRUDAngular2Test\public\app\home\home.module.js
C:\Classes\COMP308\Examples\2017\CRUDAngular2Test\CRUDAngular2Test\public\app\home\home.module.js.map
C:\Classes\COMP308\Examples\2017\CRUDAngular2Test\CRUDAngular2Test\public\app\authentication\signin\signin.component.js
C:\Classes\COMP308\Examples\2017\CRUDAngular2Test\CRUDAngular2Test\public\app\authentication\signin\signin.component.js.map
C:\Classes\COMP308\Examples\2017\CRUDAngular2Test\CRUDAngular2Test\public\app\authentication\signup\signup.component.js
C:\Classes\COMP308\Examples\2017\CRUDAngular2Test\CRUDAngular2Test\public\app\authentication\signup\signup.component.js.map
C:\Classes\COMP308\Examples\2017\CRUDAngular2Test\CRUDAngular2Test\public\app\authentication\authentication.component.js
C:\Classes\COMP308\Examples\2017\CRUDAngular2Test\CRUDAngular2Test\public\app\authentication\authentication.component.js.map
C:\Classes\COMP308\Examples\2017\CRUDAngular2Test\CRUDAngular2Test\public\app\authentication\authentication.routes.js
C:\Classes\COMP308\Examples\2017\CRUDAngular2Test\CRUDAngular2Test\public\app\authentication\authentication.routes.js.map
C:\Classes\COMP308\Examples\2017\CRUDAngular2Test\CRUDAngular2Test\public\app\authentication\authentication.module.js
C:\Classes\COMP308\Examples\2017\CRUDAngular2Test\CRUDAngular2Test\public\app\authentication\authentication.module.js.map
C:\Classes\COMP308\Examples\2017\CRUDAngular2Test\CRUDAngular2Test\public\app\courses\courses.service.js
C:\Classes\COMP308\Examples\2017\CRUDAngular2Test\CRUDAngular2Test\public\app\courses\courses.service.js.map
C:\Classes\COMP308\Examples\2017\CRUDAngular2Test\CRUDAngular2Test\public\app\courses\courses.component.js
C:\Classes\COMP308\Examples\2017\CRUDAngular2Test\CRUDAngular2Test\public\app\courses\courses.component.js.map
C:\Classes\COMP308\Examples\2017\CRUDAngular2Test\CRUDAngular2Test\public\app\courses\create\create.component.js
C:\Classes\COMP308\Examples\2017\CRUDAngular2Test\CRUDAngular2Test\public\app\courses\create\create.component.js.map
C:\Classes\COMP308\Examples\2017\CRUDAngular2Test\CRUDAngular2Test\public\app\courses\list\list.component.js
C:\Classes\COMP308\Examples\2017\CRUDAngular2Test\CRUDAngular2Test\public\app\courses\list\list.component.js.map
C:\Classes\COMP308\Examples\2017\CRUDAngular2Test\CRUDAngular2Test\public\app\courses\view\view.component.js
C:\Classes\COMP308\Examples\2017\CRUDAngular2Test\CRUDAngular2Test\public\app\courses\view\view.component.js.map
C:\Classes\COMP308\Examples\2017\CRUDAngular2Test\CRUDAngular2Test\public\app\courses\edit\edit.component.js
C:\Classes\COMP308\Examples\2017\CRUDAngular2Test\CRUDAngular2Test\public\app\courses\edit\edit.component.js.map
C:\Classes\COMP308\Examples\2017\CRUDAngular2Test\CRUDAngular2Test\public\app\courses\courses.routes.js
C:\Classes\COMP308\Examples\2017\CRUDAngular2Test\CRUDAngular2Test\public\app\courses\courses.routes.js.map
C:\Classes\COMP308\Examples\2017\CRUDAngular2Test\CRUDAngular2Test\public\app\courses\courses.module.js
C:\Classes\COMP308\Examples\2017\CRUDAngular2Test\CRUDAngular2Test\public\app\courses\courses.module.js.map
C:\Classes\COMP308\Examples\2017\CRUDAngular2Test\CRUDAngular2Test\public\app\app.module.js
C:\Classes\COMP308\Examples\2017\CRUDAngular2Test\CRUDAngular2Test\public\app\app.module.js.map
C:\Classes\COMP308\Examples\2017\CRUDAngular2Test\CRUDAngular2Test\public\app\bootstrap.js
C:\Classes\COMP308\Examples\2017\CRUDAngular2Test\CRUDAngular2Test\public\app\bootstrap.js.map
C:\Classes\COMP308\Examples\2017\CRUDAngular2Test\CRUDAngular2Test\public\app\authentication\authentication.service.js
C:\Classes\COMP308\Examples\2017\CRUDAngular2Test\CRUDAngular2Test\public\app\authentication\authentication.service.js.map
C:\Classes\COMP308\Examples\2017\CRUDAngular2Test\CRUDAngular2Test\public\app\app.component.js
C:\Classes\COMP308\Examples\2017\CRUDAngular2Test\CRUDAngular2Test\public\app\app.component.js.map
C:\Classes\COMP308\Examples\2017\CRUDAngular2Test\CRUDAngular2Test\public\app\app.routes.js
C:\Classes\COMP308\Examples\2017\CRUDAngular2Test\CRUDAngular2Test\public\app\app.routes.js.map
C:\Classes\COMP308\Examples\2017\CRUDAngular2Test\CRUDAngular2Test\public\app\home\home.component.js
C:\Classes\COMP308\Examples\2017\CRUDAngular2Test\CRUDAngular2Test\public\app\home\home.component.js.map
C:\Classes\COMP308\Examples\2017\CRUDAngular2Test\CRUDAngular2Test\public\app\home\home.routes.js
C:\Classes\COMP308\Examples\2017\CRUDAngular2Test\CRUDAngular2Test\public\app\home\home.routes.js.map
C:\Classes\COMP308\Examples\2017\CRUDAngular2Test\CRUDAngular2Test\public\app\home\home.module.js
C:\Classes\COMP308\Examples\2017\CRUDAngular2Test\CRUDAngular2Test\public\app\home\home.module.js.map
C:\Classes\COMP308\Examples\2017\CRUDAngular2Test\CRUDAngular2Test\public\app\authentication\signin\signin.component.js
C:\Classes\COMP308\Examples\2017\CRUDAngular2Test\CRUDAngular2Test\public\app\authentication\signin\signin.component.js.map
C:\Classes\COMP308\Examples\2017\CRUDAngular2Test\CRUDAngular2Test\public\app\authentication\signup\signup.component.js
C:\Classes\COMP308\Examples\2017\CRUDAngular2Test\CRUDAngular2Test\public\app\authentication\signup\signup.component.js.map
C:\Classes\COMP308\Examples\2017\CRUDAngular2Test\CRUDAngular2Test\public\app\authentication\authentication.component.js
C:\Classes\COMP308\Examples\2017\CRUDAngular2Test\CRUDAngular2Test\public\app\authentication\authentication.component.js.map
C:\Classes\COMP308\Examples\2017\CRUDAngular2Test\CRUDAngular2Test\public\app\authentication\authentication.routes.js
C:\Classes\COMP308\Examples\2017\CRUDAngular2Test\CRUDAngular2Test\public\app\authentication\authentication.routes.js.map
C:\Classes\COMP308\Examples\2017\CRUDAngular2Test\CRUDAngular2Test\public\app\authentication\authentication.module.js
C:\Classes\COMP308\Examples\2017\CRUDAngular2Test\CRUDAngular2Test\public\app\authentication\authentication.module.js.map
C:\Classes\COMP308\Examples\2017\CRUDAngular2Test\CRUDAngular2Test\public\app\courses\courses.service.js
C:\Classes\COMP308\Examples\2017\CRUDAngular2Test\CRUDAngular2Test\public\app\courses\courses.service.js.map
C:\Classes\COMP308\Examples\2017\CRUDAngular2Test\CRUDAngular2Test\public\app\courses\courses.component.js
C:\Classes\COMP308\Examples\2017\CRUDAngular2Test\CRUDAngular2Test\public\app\courses\courses.component.js.map
C:\Classes\COMP308\Examples\2017\CRUDAngular2Test\CRUDAngular2Test\public\app\courses\create\create.component.js
C:\Classes\COMP308\Examples\2017\CRUDAngular2Test\CRUDAngular2Test\public\app\courses\create\create.component.js.map
C:\Classes\COMP308\Examples\2017\CRUDAngular2Test\CRUDAngular2Test\public\app\courses\list\list.component.js
C:\Classes\COMP308\Examples\2017\CRUDAngular2Test\CRUDAngular2Test\public\app\courses\list\list.component.js.map
C:\Classes\COMP308\Examples\2017\CRUDAngular2Test\CRUDAngular2Test\public\app\courses\view\view.component.js
C:\Classes\COMP308\Examples\2017\CRUDAngular2Test\CRUDAngular2Test\public\app\courses\view\view.component.js.map
C:\Classes\COMP308\Examples\2017\CRUDAngular2Test\CRUDAngular2Test\public\app\courses\edit\edit.component.js
C:\Classes\COMP308\Examples\2017\CRUDAngular2Test\CRUDAngular2Test\public\app\courses\edit\edit.component.js.map
C:\Classes\COMP308\Examples\2017\CRUDAngular2Test\CRUDAngular2Test\public\app\courses\courses.routes.js
C:\Classes\COMP308\Examples\2017\CRUDAngular2Test\CRUDAngular2Test\public\app\courses\courses.routes.js.map
C:\Classes\COMP308\Examples\2017\CRUDAngular2Test\CRUDAngular2Test\public\app\courses\courses.module.js
C:\Classes\COMP308\Examples\2017\CRUDAngular2Test\CRUDAngular2Test\public\app\courses\courses.module.js.map
C:\Classes\COMP308\Examples\2017\CRUDAngular2Test\CRUDAngular2Test\public\app\app.module.js
C:\Classes\COMP308\Examples\2017\CRUDAngular2Test\CRUDAngular2Test\public\app\app.module.js.map
C:\Classes\COMP308\Examples\2017\CRUDAngular2Test\CRUDAngular2Test\public\app\bootstrap.js
C:\Classes\COMP308\Examples\2017\CRUDAngular2Test\CRUDAngular2Test\public\app\bootstrap.js.map
C:\Classes\COMP308\Examples\2017\CRUDAngular2Test\CRUDAngular2Test\public\app\authentication\authentication.service.js
C:\Classes\COMP308\Examples\2017\CRUDAngular2Test\CRUDAngular2Test\public\app\authentication\authentication.service.js.map
C:\Classes\COMP308\Examples\2017\CRUDAngular2Test\CRUDAngular2Test\public\app\app.component.js
C:\Classes\COMP308\Examples\2017\CRUDAngular2Test\CRUDAngular2Test\public\app\app.component.js.map
C:\Classes\COMP308\Examples\2017\CRUDAngular2Test\CRUDAngular2Test\public\app\app.routes.js
C:\Classes\COMP308\Examples\2017\CRUDAngular2Test\CRUDAngular2Test\public\app\app.routes.js.map
C:\Classes\COMP308\Examples\2017\CRUDAngular2Test\CRUDAngular2Test\public\app\home\home.component.js
C:\Classes\COMP308\Examples\2017\CRUDAngular2Test\CRUDAngular2Test\public\app\home\home.component.js.map
C:\Classes\COMP308\Examples\2017\CRUDAngular2Test\CRUDAngular2Test\public\app\home\home.routes.js
C:\Classes\COMP308\Examples\2017\CRUDAngular2Test\CRUDAngular2Test\public\app\home\home.routes.js.map
C:\Classes\COMP308\Examples\2017\CRUDAngular2Test\CRUDAngular2Test\public\app\home\home.module.js
C:\Classes\COMP308\Examples\2017\CRUDAngular2Test\CRUDAngular2Test\public\app\home\home.module.js.map
C:\Classes\COMP308\Examples\2017\CRUDAngular2Test\CRUDAngular2Test\public\app\authentication\signin\signin.component.js
C:\Classes\COMP308\Examples\2017\CRUDAngular2Test\CRUDAngular2Test\public\app\authentication\signin\signin.component.js.map
C:\Classes\COMP308\Examples\2017\CRUDAngular2Test\CRUDAngular2Test\public\app\authentication\signup\signup.component.js
C:\Classes\COMP308\Examples\2017\CRUDAngular2Test\CRUDAngular2Test\public\app\authentication\signup\signup.component.js.map
C:\Classes\COMP308\Examples\2017\CRUDAngular2Test\CRUDAngular2Test\public\app\authentication\authentication.component.js
C:\Classes\COMP308\Examples\2017\CRUDAngular2Test\CRUDAngular2Test\public\app\authentication\authentication.component.js.map
C:\Classes\COMP308\Examples\2017\CRUDAngular2Test\CRUDAngular2Test\public\app\authentication\authentication.routes.js
C:\Classes\COMP308\Examples\2017\CRUDAngular2Test\CRUDAngular2Test\public\app\authentication\authentication.routes.js.map
C:\Classes\COMP308\Examples\2017\CRUDAngular2Test\CRUDAngular2Test\public\app\authentication\authentication.module.js
C:\Classes\COMP308\Examples\2017\CRUDAngular2Test\CRUDAngular2Test\public\app\authentication\authentication.module.js.map
C:\Classes\COMP308\Examples\2017\CRUDAngular2Test\CRUDAngular2Test\public\app\courses\courses.service.js
C:\Classes\COMP308\Examples\2017\CRUDAngular2Test\CRUDAngular2Test\public\app\courses\courses.service.js.map
C:\Classes\COMP308\Examples\2017\CRUDAngular2Test\CRUDAngular2Test\public\app\courses\courses.component.js
C:\Classes\COMP308\Examples\2017\CRUDAngular2Test\CRUDAngular2Test\public\app\courses\courses.component.js.map
C:\Classes\COMP308\Examples\2017\CRUDAngular2Test\CRUDAngular2Test\public\app\courses\create\create.component.js
C:\Classes\COMP308\Examples\2017\CRUDAngular2Test\CRUDAngular2Test\public\app\courses\create\create.component.js.map
C:\Classes\COMP308\Examples\2017\CRUDAngular2Test\CRUDAngular2Test\public\app\courses\list\list.component.js
C:\Classes\COMP308\Examples\2017\CRUDAngular2Test\CRUDAngular2Test\public\app\courses\list\list.component.js.map
C:\Classes\COMP308\Examples\2017\CRUDAngular2Test\CRUDAngular2Test\public\app\courses\view\view.component.js
C:\Classes\COMP308\Examples\2017\CRUDAngular2Test\CRUDAngular2Test\public\app\courses\view\view.component.js.map
C:\Classes\COMP308\Examples\2017\CRUDAngular2Test\CRUDAngular2Test\public\app\courses\edit\edit.component.js
C:\Classes\COMP308\Examples\2017\CRUDAngular2Test\CRUDAngular2Test\public\app\courses\edit\edit.component.js.map
C:\Classes\COMP308\Examples\2017\CRUDAngular2Test\CRUDAngular2Test\public\app\courses\courses.routes.js
C:\Classes\COMP308\Examples\2017\CRUDAngular2Test\CRUDAngular2Test\public\app\courses\courses.routes.js.map
C:\Classes\COMP308\Examples\2017\CRUDAngular2Test\CRUDAngular2Test\public\app\courses\courses.module.js
C:\Classes\COMP308\Examples\2017\CRUDAngular2Test\CRUDAngular2Test\public\app\courses\courses.module.js.map
C:\Classes\COMP308\Examples\2017\CRUDAngular2Test\CRUDAngular2Test\public\app\app.module.js
C:\Classes\COMP308\Examples\2017\CRUDAngular2Test\CRUDAngular2Test\public\app\app.module.js.map
C:\Classes\COMP308\Examples\2017\CRUDAngular2Test\CRUDAngular2Test\public\app\bootstrap.js
C:\Classes\COMP308\Examples\2017\CRUDAngular2Test\CRUDAngular2Test\public\app\bootstrap.js.map
C:\Classes\COMP308\Examples\2017\CRUDAngular2Test\CRUDAngular2Test\public\app\authentication\authentication.service.js
C:\Classes\COMP308\Examples\2017\CRUDAngular2Test\CRUDAngular2Test\public\app\authentication\authentication.service.js.map
C:\Classes\COMP308\Examples\2017\CRUDAngular2Test\CRUDAngular2Test\public\app\app.component.js
C:\Classes\COMP308\Examples\2017\CRUDAngular2Test\CRUDAngular2Test\public\app\app.component.js.map
C:\Classes\COMP308\Examples\2017\CRUDAngular2Test\CRUDAngular2Test\public\app\app.routes.js
C:\Classes\COMP308\Examples\2017\CRUDAngular2Test\CRUDAngular2Test\public\app\app.routes.js.map
C:\Classes\COMP308\Examples\2017\CRUDAngular2Test\CRUDAngular2Test\public\app\home\home.component.js
C:\Classes\COMP308\Examples\2017\CRUDAngular2Test\CRUDAngular2Test\public\app\home\home.component.js.map
C:\Classes\COMP308\Examples\2017\CRUDAngular2Test\CRUDAngular2Test\public\app\home\home.routes.js
C:\Classes\COMP308\Examples\2017\CRUDAngular2Test\CRUDAngular2Test\public\app\home\home.routes.js.map
C:\Classes\COMP308\Examples\2017\CRUDAngular2Test\CRUDAngular2Test\public\app\home\home.module.js
C:\Classes\COMP308\Examples\2017\CRUDAngular2Test\CRUDAngular2Test\public\app\home\home.module.js.map
C:\Classes\COMP308\Examples\2017\CRUDAngular2Test\CRUDAngular2Test\public\app\authentication\signin\signin.component.js
C:\Classes\COMP308\Examples\2017\CRUDAngular2Test\CRUDAngular2Test\public\app\authentication\signin\signin.component.js.map
C:\Classes\COMP308\Examples\2017\CRUDAngular2Test\CRUDAngular2Test\public\app\authentication\signup\signup.component.js
C:\Classes\COMP308\Examples\2017\CRUDAngular2Test\CRUDAngular2Test\public\app\authentication\signup\signup.component.js.map
C:\Classes\COMP308\Examples\2017\CRUDAngular2Test\CRUDAngular2Test\public\app\authentication\authentication.component.js
C:\Classes\COMP308\Examples\2017\CRUDAngular2Test\CRUDAngular2Test\public\app\authentication\authentication.component.js.map
C:\Classes\COMP308\Examples\2017\CRUDAngular2Test\CRUDAngular2Test\public\app\authentication\authentication.routes.js
C:\Classes\COMP308\Examples\2017\CRUDAngular2Test\CRUDAngular2Test\public\app\authentication\authentication.routes.js.map
C:\Classes\COMP308\Examples\2017\CRUDAngular2Test\CRUDAngular2Test\public\app\authentication\authentication.module.js
C:\Classes\COMP308\Examples\2017\CRUDAngular2Test\CRUDAngular2Test\public\app\authentication\authentication.module.js.map
C:\Classes\COMP308\Examples\2017\CRUDAngular2Test\CRUDAngular2Test\public\app\courses\courses.service.js
C:\Classes\COMP308\Examples\2017\CRUDAngular2Test\CRUDAngular2Test\public\app\courses\courses.service.js.map
C:\Classes\COMP308\Examples\2017\CRUDAngular2Test\CRUDAngular2Test\public\app\courses\courses.component.js
C:\Classes\COMP308\Examples\2017\CRUDAngular2Test\CRUDAngular2Test\public\app\courses\courses.component.js.map
C:\Classes\COMP308\Examples\2017\CRUDAngular2Test\CRUDAngular2Test\public\app\courses\create\create.component.js
C:\Classes\COMP308\Examples\2017\CRUDAngular2Test\CRUDAngular2Test\public\app\courses\create\create.component.js.map
C:\Classes\COMP308\Examples\2017\CRUDAngular2Test\CRUDAngular2Test\public\app\courses\list\list.component.js
C:\Classes\COMP308\Examples\2017\CRUDAngular2Test\CRUDAngular2Test\public\app\courses\list\list.component.js.map
C:\Classes\COMP308\Examples\2017\CRUDAngular2Test\CRUDAngular2Test\public\app\courses\view\view.component.js
C:\Classes\COMP308\Examples\2017\CRUDAngular2Test\CRUDAngular2Test\public\app\courses\view\view.component.js.map
C:\Classes\COMP308\Examples\2017\CRUDAngular2Test\CRUDAngular2Test\public\app\courses\edit\edit.component.js
C:\Classes\COMP308\Examples\2017\CRUDAngular2Test\CRUDAngular2Test\public\app\courses\edit\edit.component.js.map
C:\Classes\COMP308\Examples\2017\CRUDAngular2Test\CRUDAngular2Test\public\app\courses\courses.routes.js
C:\Classes\COMP308\Examples\2017\CRUDAngular2Test\CRUDAngular2Test\public\app\courses\courses.routes.js.map
C:\Classes\COMP308\Examples\2017\CRUDAngular2Test\CRUDAngular2Test\public\app\courses\courses.module.js
C:\Classes\COMP308\Examples\2017\CRUDAngular2Test\CRUDAngular2Test\public\app\courses\courses.module.js.map
C:\Classes\COMP308\Examples\2017\CRUDAngular2Test\CRUDAngular2Test\public\app\app.module.js
C:\Classes\COMP308\Examples\2017\CRUDAngular2Test\CRUDAngular2Test\public\app\app.module.js.map
C:\Classes\COMP308\Examples\2017\CRUDAngular2Test\CRUDAngular2Test\public\app\bootstrap.js
C:\Classes\COMP308\Examples\2017\CRUDAngular2Test\CRUDAngular2Test\public\app\bootstrap.js.map
